<?xml version="1.0" encoding="UTF-8"?>
<!-- Generated by org.testng.reporters.JUnitReportReporter -->
<testsuite hostname="DESKTOP-BF4N462" failures="0" tests="3" name="RESTTEST5NG.Trello" time="5.422" errors="0" timestamp="2022-03-15T14:32:14 IST" skipped="0">
  <testcase classname="RESTTEST5NG.Trello" name="createBoard" time="3.986"/>
  <system-out/>
  <testcase classname="RESTTEST5NG.Trello" name="getBoard" time="0.645"/>
  <system-out/>
  <testcase classname="RESTTEST5NG.Trello" name="DeleteBoard" time="0.791"/>
  <system-out/>
</testsuite> <!-- RESTTEST5NG.Trello -->
