<?xml version="1.0" encoding="UTF-8"?>
<!-- Generated by org.testng.reporters.JUnitReportReporter -->
<testsuite hostname="DESKTOP-BF4N462" failures="0" tests="2" name="RESTTEST5NG.TESTNG" time="0.010" errors="0" timestamp="2022-03-15T12:15:39 IST" skipped="0">
  <testcase classname="RESTTEST5NG.TESTNG" name="testcase1" time="0.007"/>
  <system-out/>
  <testcase classname="RESTTEST5NG.TESTNG" name="testcase2" time="0.003"/>
  <system-out/>
</testsuite> <!-- RESTTEST5NG.TESTNG -->
