<?xml version="1.0" encoding="UTF-8"?>
<!-- Generated by org.testng.reporters.JUnitReportReporter -->
<testsuite hostname="DESKTOP-BF4N462" failures="0" tests="2" name="RESTTEST5NG.Ecommerce" time="13.366" errors="0" timestamp="2022-03-15T20:45:48 IST" skipped="0">
  <testcase classname="RESTTEST5NG.Ecommerce" name="signup" time="9.312"/>
  <system-out/>
  <testcase classname="RESTTEST5NG.Ecommerce" name="Login" time="4.054"/>
  <system-out/>
</testsuite> <!-- RESTTEST5NG.Ecommerce -->
