<?xml version="1.0" encoding="UTF-8"?>
<!-- Generated by org.testng.reporters.JUnitReportReporter -->
<testsuite hostname="DESKTOP-BF4N462" failures="0" tests="3" name="RESTTEST5NG.Trello" time="5.303" errors="0" timestamp="2022-03-16T16:10:23 IST" skipped="0">
  <testcase classname="RESTTEST5NG.Trello" name="createBoard" time="1.489"/>
  <system-out/>
  <testcase classname="RESTTEST5NG.Trello" name="getBoard" time="0.859"/>
  <system-out/>
  <testcase classname="RESTTEST5NG.Trello" name="DeleteBoard" time="2.955"/>
  <system-out/>
</testsuite> <!-- RESTTEST5NG.Trello -->
