<?xml version="1.0" encoding="UTF-8"?>
<!-- Generated by org.testng.reporters.JUnitReportReporter -->
<testsuite hostname="DESKTOP-BF4N462" failures="0" tests="2" name="RESTTEST5NG.Ecommerce" time="6.486" errors="0" timestamp="2022-03-16T17:14:24 IST" skipped="1">
  <testcase classname="RESTTEST5NG.Ecommerce" name="Login" time="6.486"/>
  <system-out/>
  <testcase classname="RESTTEST5NG.Ecommerce" name="signup">
    <skipped/>
  </testcase> <!-- signup -->
  <system-out/>
</testsuite> <!-- RESTTEST5NG.Ecommerce -->
